Build started 8/5/2014 5:56:37 PM.
     1>Project "E:\Users\Mark\Documents\GitHub\Pong-Clone\Pong Clone\Pong Clone\Pong Clone.vcxproj" on node 2 (Build target(s)).
     1>ClCompile:
         C:\Program Files (x86)\Microsoft Visual Studio 12.0\VC\bin\CL.exe /c /I"C:\SFML\SFML-2.1\include" /Zi /nologo /W3 /WX- /sdl /O2 /Oi /Oy- /GL /D WIN32 /D NDEBUG /D _CONSOLE /D _LIB /D _UNICODE /D UNICODE /Gm- /EHsc /MT /GS /Gy /fp:precise /Zc:wchar_t /Zc:forScope /Fo"Release\\" /Fd"Release\vc120.pdb" /Gd /TP /analyze- /errorReport:prompt Ball.cpp main.cpp Paddle.cpp
         Ball.cpp
         main.cpp
     1>main.cpp(320): warning C4244: 'argument' : conversion from 'int' to 'float', possible loss of data
     1>main.cpp(324): warning C4244: 'argument' : conversion from 'int' to 'float', possible loss of data
     1>main.cpp(328): warning C4244: 'argument' : conversion from 'double' to 'float', possible loss of data
     1>main.cpp(339): warning C4244: 'argument' : conversion from 'const int' to 'float', possible loss of data
     1>main.cpp(370): warning C4244: 'argument' : conversion from 'int' to 'float', possible loss of data
     1>main.cpp(374): warning C4244: 'argument' : conversion from 'const int' to 'float', possible loss of data
     1>main.cpp(377): warning C4244: 'argument' : conversion from 'const int' to 'float', possible loss of data
     1>main.cpp(381): warning C4244: 'argument' : conversion from 'const int' to 'float', possible loss of data
     1>main.cpp(458): warning C4244: 'argument' : conversion from 'double' to 'float', possible loss of data
     1>main.cpp(469): warning C4244: 'argument' : conversion from 'const int' to 'float', possible loss of data
         Paddle.cpp
       Link:
         C:\Program Files (x86)\Microsoft Visual Studio 12.0\VC\bin\link.exe /ERRORREPORT:PROMPT /OUT:"E:\Users\Mark\Documents\GitHub\Pong-Clone\Pong Clone\Release\Pong Clone.exe" /INCREMENTAL:NO /NOLOGO /LIBPATH:"C:\SFML\SFML-2.1\lib" "sfml-graphics-d.lib" "sfml-window-d.lib" "sfml-audio-d.lib" "sfml-system-d.lib" kernel32.lib user32.lib gdi32.lib winspool.lib comdlg32.lib advapi32.lib shell32.lib ole32.lib oleaut32.lib uuid.lib odbc32.lib odbccp32.lib kernel32.lib user32.lib gdi32.lib winspool.lib comdlg32.lib advapi32.lib shell32.lib ole32.lib oleaut32.lib uuid.lib odbc32.lib odbccp32.lib /MANIFEST /MANIFESTUAC:"level='asInvoker' uiAccess='false'" /manifest:embed /DEBUG /PDB:"E:\Users\Mark\Documents\GitHub\Pong-Clone\Pong Clone\Release\Pong Clone.pdb" /SUBSYSTEM:CONSOLE /OPT:REF /OPT:ICF /LTCG /TLBID:1 /DYNAMICBASE /NXCOMPAT /IMPLIB:"E:\Users\Mark\Documents\GitHub\Pong-Clone\Pong Clone\Release\Pong Clone.lib" /MACHINE:X86 /SAFESEH Release\Ball.obj
         Release\main.obj
         Release\Paddle.obj
         Generating code
         Finished generating code
         Pong Clone.vcxproj -> E:\Users\Mark\Documents\GitHub\Pong-Clone\Pong Clone\Release\Pong Clone.exe
     1>Done Building Project "E:\Users\Mark\Documents\GitHub\Pong-Clone\Pong Clone\Pong Clone\Pong Clone.vcxproj" (Build target(s)).

Build succeeded.

Time Elapsed 00:00:02.82
