Build started 8/5/2014 7:06:03 PM.
     1>Project "E:\Users\Mark\Documents\GitHub\Pong-Clone\Pong Clone\Pong Clone\Pong Clone.vcxproj" on node 2 (Build target(s)).
     1>ClCompile:
         C:\Program Files (x86)\Microsoft Visual Studio 12.0\VC\bin\CL.exe /c /I"C:\SFML\SFML-2.1\include" /ZI /nologo /W3 /WX- /sdl /Od /Oy- /D WIN32 /D _DEBUG /D _CONSOLE /D _LIB /D _UNICODE /D UNICODE /Gm /EHsc /RTC1 /MDd /GS /fp:precise /Zc:wchar_t /Zc:forScope /Fo"Debug\\" /Fd"Debug\vc120.pdb" /Gd /TP /analyze- /errorReport:prompt main.cpp
         main.cpp
     1>e:\users\mark\documents\github\pong-clone\pong clone\pong clone\main.cpp(320): warning C4244: 'argument' : conversion from 'int' to 'float', possible loss of data
     1>e:\users\mark\documents\github\pong-clone\pong clone\pong clone\main.cpp(324): warning C4244: 'argument' : conversion from 'int' to 'float', possible loss of data
     1>e:\users\mark\documents\github\pong-clone\pong clone\pong clone\main.cpp(328): warning C4244: 'argument' : conversion from 'double' to 'float', possible loss of data
     1>e:\users\mark\documents\github\pong-clone\pong clone\pong clone\main.cpp(339): warning C4244: 'argument' : conversion from 'const int' to 'float', possible loss of data
     1>e:\users\mark\documents\github\pong-clone\pong clone\pong clone\main.cpp(370): warning C4244: 'argument' : conversion from 'int' to 'float', possible loss of data
     1>e:\users\mark\documents\github\pong-clone\pong clone\pong clone\main.cpp(374): warning C4244: 'argument' : conversion from 'const int' to 'float', possible loss of data
     1>e:\users\mark\documents\github\pong-clone\pong clone\pong clone\main.cpp(377): warning C4244: 'argument' : conversion from 'const int' to 'float', possible loss of data
     1>e:\users\mark\documents\github\pong-clone\pong clone\pong clone\main.cpp(381): warning C4244: 'argument' : conversion from 'const int' to 'float', possible loss of data
     1>e:\users\mark\documents\github\pong-clone\pong clone\pong clone\main.cpp(458): warning C4244: 'argument' : conversion from 'double' to 'float', possible loss of data
     1>e:\users\mark\documents\github\pong-clone\pong clone\pong clone\main.cpp(469): warning C4244: 'argument' : conversion from 'const int' to 'float', possible loss of data
       Link:
         C:\Program Files (x86)\Microsoft Visual Studio 12.0\VC\bin\link.exe /ERRORREPORT:PROMPT /OUT:"E:\Users\Mark\Documents\GitHub\Pong-Clone\Pong Clone\Debug\Pong Clone.exe" /INCREMENTAL /NOLOGO /LIBPATH:"C:\SFML\SFML-2.1\lib" "sfml-graphics-d.lib" "sfml-window-d.lib" "sfml-audio-d.lib" "sfml-system-d.lib" kernel32.lib user32.lib gdi32.lib winspool.lib comdlg32.lib advapi32.lib shell32.lib ole32.lib oleaut32.lib uuid.lib odbc32.lib odbccp32.lib kernel32.lib user32.lib gdi32.lib winspool.lib comdlg32.lib advapi32.lib shell32.lib ole32.lib oleaut32.lib uuid.lib odbc32.lib odbccp32.lib /MANIFEST /MANIFESTUAC:"level='asInvoker' uiAccess='false'" /manifest:embed /DEBUG /PDB:"E:\Users\Mark\Documents\GitHub\Pong-Clone\Pong Clone\Debug\Pong Clone.pdb" /SUBSYSTEM:CONSOLE /TLBID:1 /DYNAMICBASE /NXCOMPAT /IMPLIB:"E:\Users\Mark\Documents\GitHub\Pong-Clone\Pong Clone\Debug\Pong Clone.lib" /MACHINE:X86 Debug\Ball.obj
         Debug\main.obj
         Debug\Paddle.obj
         Pong Clone.vcxproj -> E:\Users\Mark\Documents\GitHub\Pong-Clone\Pong Clone\Debug\Pong Clone.exe
     1>Done Building Project "E:\Users\Mark\Documents\GitHub\Pong-Clone\Pong Clone\Pong Clone\Pong Clone.vcxproj" (Build target(s)).

Build succeeded.

Time Elapsed 00:00:01.49
