e:\users\mark\documents\visual studio 2013\projects\pong clone\pong clone\debug\vc120.pdb
e:\users\mark\documents\visual studio 2013\projects\pong clone\pong clone\debug\vc120.idb
e:\users\mark\documents\visual studio 2013\projects\pong clone\pong clone\debug\main.obj
e:\users\mark\documents\visual studio 2013\projects\pong clone\pong clone\debug\ball.obj
e:\users\mark\documents\visual studio 2013\projects\pong clone\pong clone\debug\paddle.obj
e:\users\mark\documents\github\pong-clone\pong clone\pong clone\debug\vc120.pdb
e:\users\mark\documents\github\pong-clone\pong clone\pong clone\debug\vc120.idb
e:\users\mark\documents\github\pong-clone\pong clone\pong clone\debug\ball.obj
e:\users\mark\documents\github\pong-clone\pong clone\pong clone\debug\main.obj
e:\users\mark\documents\github\pong-clone\pong clone\pong clone\debug\paddle.obj
e:\users\mark\documents\visual studio 2013\projects\pong clone\debug\pong clone.ilk
e:\users\mark\documents\visual studio 2013\projects\pong clone\debug\pong clone.exe
e:\users\mark\documents\visual studio 2013\projects\pong clone\debug\pong clone.pdb
e:\users\mark\documents\github\pong-clone\pong clone\debug\pong clone.ilk
e:\users\mark\documents\github\pong-clone\pong clone\debug\pong clone.exe
e:\users\mark\documents\github\pong-clone\pong clone\debug\pong clone.pdb
e:\users\mark\documents\github\pong-clone\pong clone\pong clone\debug\pong clone.tlog\cl.command.1.tlog
e:\users\mark\documents\github\pong-clone\pong clone\pong clone\debug\pong clone.tlog\cl.read.1.tlog
e:\users\mark\documents\github\pong-clone\pong clone\pong clone\debug\pong clone.tlog\cl.write.1.tlog
e:\users\mark\documents\github\pong-clone\pong clone\pong clone\debug\pong clone.tlog\link.command.1.tlog
e:\users\mark\documents\github\pong-clone\pong clone\pong clone\debug\pong clone.tlog\link.read.1.tlog
e:\users\mark\documents\github\pong-clone\pong clone\pong clone\debug\pong clone.tlog\link.write.1.tlog
